<?xml version="1.0" encoding="UTF-8"?>
<!-- Generated by org.testng.reporters.JUnitReportReporter -->
<testsuite hostname="DESKTOP-32H8IH8" failures="0" tests="1" name="restAssured.BookControllerRest" time="22.223" errors="0" timestamp="2021-05-13T23:44:49 IST" skipped="0">
  <testcase classname="restAssured.BookControllerRest" name="getAllBooks" time="22.223"/>
  <system-out/>
</testsuite> <!-- restAssured.BookControllerRest -->
